Arguments: 
  C:\Program Files\nodejs\node.exe C:\Users\Jesse\AppData\Roaming\npm\node_modules\yarn\bin\yarn.js add webpack 3.1.0

PATH: 
  C:\Program Files (x86)\Intel\iCLS Client\;C:\Program Files\Intel\iCLS Client\;C:\WINDOWS\system32;C:\WINDOWS;C:\WINDOWS\System32\Wbem;C:\WINDOWS\System32\WindowsPowerShell\v1.0\;C:\Program Files\Git\cmd;C:\Program Files\TortoiseGit\bin;C:\Program Files\PuTTY\;C:\Program Files (x86)\Intel\Intel(R) Management Engine Components\DAL;C:\Program Files\Intel\Intel(R) Management Engine Components\DAL;C:\Program Files (x86)\Intel\Intel(R) Management Engine Components\IPT;C:\Program Files\Intel\Intel(R) Management Engine Components\IPT;C:\Program Files\nodejs\;C:\wamp64\bin\php\php5.6.31;C:\ProgramData\ComposerSetup\bin;C:\WINDOWS\System32\OpenSSH\;C:\Program Files\Microsoft VS Code\bin;C:\Program Files\Intel\WiFi\bin\;C:\Program Files\Common Files\Intel\WirelessCommon\;C:\Users\Jesse\AppData\Local\Programs\Python\Python37-32;C:\Program Files\dotnet\;C:\Ruby25-x64\bin;C:\Users\Jesse\AppData\Local\Microsoft\WindowsApps;"C:\Users\Jesse\AppData\Roaming\npm;C:\Program Files\nodejs";C:\Users\Jesse\AppData\Roaming\npm;C:\Program Files\Microsoft VS Code\bin;C:\Users\Jesse\AppData\Roaming\Composer\vendor\bin;C:\curl;C:\Program Files\heroku\bin;C:\Users\Jesse\.dotnet\tools

Yarn version: 
  1.12.3

Node version: 
  8.10.0

Platform: 
  win32 x64

Trace: 
  Error: https://registry.yarnpkg.com/3.1.0: Not found
      at Request.params.callback [as _callback] (C:\Users\Jesse\AppData\Roaming\npm\node_modules\yarn\lib\cli.js:65894:18)
      at Request.self.callback (C:\Users\Jesse\AppData\Roaming\npm\node_modules\yarn\lib\cli.js:129018:22)
      at emitTwo (events.js:126:13)
      at Request.emit (events.js:214:7)
      at Request.<anonymous> (C:\Users\Jesse\AppData\Roaming\npm\node_modules\yarn\lib\cli.js:129990:10)
      at emitOne (events.js:116:13)
      at Request.emit (events.js:211:7)
      at IncomingMessage.<anonymous> (C:\Users\Jesse\AppData\Roaming\npm\node_modules\yarn\lib\cli.js:129912:12)
      at Object.onceWrapper (events.js:313:30)
      at emitNone (events.js:111:20)

npm manifest: 
  {
    "name": "woo-order-reports",
    "version": "1.0.0",
    "description": "Order details for Woo Commerce that can be filtered by date, country and order status.",
    "main": "bm-woo-reports.php",
    "scripts": {
      "build": "webpack -p",
      "test": "cross-env NODE_ENV=test jest --config=jest.config.json"
    },
    "repository": {
      "type": "git",
      "url": "git+https://github.com/jessejburton/woocommerce-order-report-plugin.git"
    },
    "keywords": [
      "Woo",
      "Woo",
      "Commerce",
      "Orders",
      "Reports",
      "Reporting"
    ],
    "author": "Jesse Burton",
    "license": "GPL-3.0",
    "bugs": {
      "url": "https://github.com/jessejburton/woocommerce-order-report-plugin/issues"
    },
    "homepage": "https://github.com/jessejburton/woocommerce-order-report-plugin#readme"
  }

yarn manifest: 
  No manifest

Lockfile: 
  No lockfile
